<?xml version="1.0" encoding="UTF-8"?>
<!-- Generated by org.testng.reporters.JUnitXMLReporter -->
<testsuite hostname="DESKTOP-L0JOL9N" ignored="0" name="Manage My Patient Automation Test Cases" tests="3" failures="0" timestamp="08 Apr 2018 21:03:37 GMT" time="85.66" errors="0">
  <testcase name="validateHomePageTest" time="0.021" classname="com.mmp.reg.qa.testcases.ValidatePatLoginTest"/>
  <testcase name="validateSearchSymptomsTest" time="0.833" classname="com.mmp.reg.qa.testcases.ValidateSearchSymptomLinkTest"/>
  <testcase name="validatePatLoginTest" time="20.355" classname="com.mmp.reg.qa.testcases.ValidatePatLoginTest"/>
</testsuite> <!-- Manage My Patient Automation Test Cases -->
