<?xml version="1.0" encoding="UTF-8"?>
<!-- Generated by org.testng.reporters.JUnitXMLReporter -->
<testsuite hostname="DESKTOP-L0JOL9N" ignored="0" name="Default test" tests="2" failures="0" timestamp="04 Apr 2018 15:00:30 GMT" time="48.005" errors="0">
  <testcase name="validateHomePageTest" time="0.034" classname="com.mmp.reg.qa.testcases.ValidatePatLoginTest"/>
  <testcase name="validatePatLoginTest" time="20.385" classname="com.mmp.reg.qa.testcases.ValidatePatLoginTest"/>
</testsuite> <!-- Default test -->
